<?xml version="1.0" encoding="UTF-8"?>
<!-- Generated by org.testng.reporters.JUnitReportReporter -->
<testsuite hostname="DESKTOP-I6T4BAQ" name="runner.TestRunner" tests="1" failures="0" timestamp="26 Jul 2019 03:08:34 GMT" time="22.375" errors="0">
  <testcase name="feature" time="22.375" classname="runner.TestRunner"/>
</testsuite> <!-- runner.TestRunner -->
